2013/11/24 23:34:56 [error] [php] Missing argument 2 for YiiBase::t(), called in /home/jackey/workspace/hfonline/html/xiaoerdiancandefault/protected/views/layouts/main.php on line 26 and defined (/usr/local/yii/YiiBase.php:577)
Stack trace:
#0 /usr/local/yii/web/CBaseController.php(95): SiteController->renderInternal()
#1 /usr/local/yii/web/widgets/CContentDecorator.php(76): SiteController->renderFile()
#2 /usr/local/yii/web/widgets/CContentDecorator.php(54): CContentDecorator->decorate()
#3 /usr/local/yii/web/widgets/COutputProcessor.php(44): CContentDecorator->processOutput()
#4 /usr/local/yii/web/CBaseController.php(206): CContentDecorator->run()
#5 /usr/local/yii/web/CBaseController.php(300): SiteController->endWidget()
#6 /home/jackey/workspace/hfonline/html/xiaoerdiancandefault/protected/views/layouts/column1.php(6): SiteController->endContent()
#7 /usr/local/yii/web/CBaseController.php(126): require()
#8 /usr/local/yii/web/CBaseController.php(95): SiteController->renderInternal()
#9 /usr/local/yii/web/CController.php(784): SiteController->renderFile()
#10 /home/jackey/workspace/hfonline/html/xiaoerdiancandefault/protected/controllers/SiteController.php(32): SiteController->render()
#11 /usr/local/yii/web/actions/CInlineAction.php(49): SiteController->actionIndex()
#12 /usr/local/yii/web/CController.php(308): CInlineAction->runWithParams()
#13 /usr/local/yii/web/CController.php(286): SiteController->runAction()
#14 /usr/local/yii/web/CController.php(265): SiteController->runActionWithFilters()
#15 /usr/local/yii/web/CWebApplication.php(282): SiteController->run()
#16 /usr/local/yii/web/CWebApplication.php(141): CWebApplication->runController()
#17 /usr/local/yii/base/CApplication.php(180): CWebApplication->processRequest()
#18 /home/jackey/workspace/hfonline/html/xiaoerdiancandefault/index.php(13): CWebApplication->run()
REQUEST_URI=/
in /home/jackey/workspace/hfonline/html/xiaoerdiancandefault/protected/views/layouts/main.php (26)
in /home/jackey/workspace/hfonline/html/xiaoerdiancandefault/protected/views/layouts/column1.php (6)
in /home/jackey/workspace/hfonline/html/xiaoerdiancandefault/protected/controllers/SiteController.php (32)
2013/11/25 00:59:30 [error] [exception.CException] exception 'CException' with message 'Property "CMenu.0" is not defined.' in /usr/local/yii/base/CComponent.php:173
Stack trace:
#0 /usr/local/yii/web/CWidgetFactory.php(161): CComponent->__set('0', Array)
#1 /usr/local/yii/web/CBaseController.php(146): CWidgetFactory->createWidget(Object(SiteController), 'zii.widgets.CMe...', Array)
#2 /usr/local/yii/web/CBaseController.php(172): CBaseController->createWidget('zii.widgets.CMe...', Array)
#3 /home/jackey/workspace/hfonline/html/xiaoerdiancandefault/protected/views/layouts/main.php(39): CBaseController->widget('zii.widgets.CMe...', Array)
#4 /usr/local/yii/web/CBaseController.php(126): require('/home/jackey/wo...')
#5 /usr/local/yii/web/CBaseController.php(95): CBaseController->renderInternal('/home/jackey/wo...', Array, true)
#6 /usr/local/yii/web/widgets/CContentDecorator.php(76): CBaseController->renderFile('/home/jackey/wo...', Array, true)
#7 /usr/local/yii/web/widgets/CContentDecorator.php(54): CContentDecorator->decorate('<div id="conten...')
#8 /usr/local/yii/web/widgets/COutputProcessor.php(44): CContentDecorator->processOutput('<div id="conten...')
#9 /usr/local/yii/web/CBaseController.php(206): COutputProcessor->run()
#10 /usr/local/yii/web/CBaseController.php(300): CBaseController->endWidget('CContentDecorat...')
#11 /home/jackey/workspace/hfonline/html/xiaoerdiancandefault/protected/views/layouts/column1.php(6): CBaseController->endContent()
#12 /usr/local/yii/web/CBaseController.php(126): require('/home/jackey/wo...')
#13 /usr/local/yii/web/CBaseController.php(95): CBaseController->renderInternal('/home/jackey/wo...', Array, true)
#14 /usr/local/yii/web/CController.php(784): CBaseController->renderFile('/home/jackey/wo...', Array, true)
#15 /home/jackey/workspace/hfonline/html/xiaoerdiancandefault/protected/controllers/SiteController.php(32): CController->render('index')
#16 /usr/local/yii/web/actions/CInlineAction.php(49): SiteController->actionIndex()
#17 /usr/local/yii/web/CController.php(308): CInlineAction->runWithParams(Array)
#18 /usr/local/yii/web/CController.php(286): CController->runAction(Object(CInlineAction))
#19 /usr/local/yii/web/CController.php(265): CController->runActionWithFilters(Object(CInlineAction), Array)
#20 /usr/local/yii/web/CWebApplication.php(282): CController->run('')
#21 /usr/local/yii/web/CWebApplication.php(141): CWebApplication->runController('')
#22 /usr/local/yii/base/CApplication.php(180): CWebApplication->processRequest()
#23 /home/jackey/workspace/hfonline/html/xiaoerdiancandefault/index.php(13): CApplication->run()
#24 {main}
REQUEST_URI=/
---
2013/11/30 09:52:39 [error] [exception.CException] exception 'CException' with message 'Property "CMenu.class" is not defined.' in /usr/local/yii/base/CComponent.php:173
Stack trace:
#0 /usr/local/yii/web/CWidgetFactory.php(161): CComponent->__set('class', Array)
#1 /usr/local/yii/web/CBaseController.php(146): CWidgetFactory->createWidget(Object(SiteController), 'zii.widgets.CMe...', Array)
#2 /usr/local/yii/web/CBaseController.php(172): CBaseController->createWidget('zii.widgets.CMe...', Array)
#3 /home/jackey/workspace/hfonline/html/xiaoerdiancandefault/protected/views/layouts/main.php(30): CBaseController->widget('zii.widgets.CMe...', Array)
#4 /usr/local/yii/web/CBaseController.php(126): require('/home/jackey/wo...')
#5 /usr/local/yii/web/CBaseController.php(95): CBaseController->renderInternal('/home/jackey/wo...', Array, true)
#6 /usr/local/yii/web/widgets/CContentDecorator.php(76): CBaseController->renderFile('/home/jackey/wo...', Array, true)
#7 /usr/local/yii/web/widgets/CContentDecorator.php(54): CContentDecorator->decorate('<div id="conten...')
#8 /usr/local/yii/web/widgets/COutputProcessor.php(44): CContentDecorator->processOutput('<div id="conten...')
#9 /usr/local/yii/web/CBaseController.php(206): COutputProcessor->run()
#10 /usr/local/yii/web/CBaseController.php(300): CBaseController->endWidget('CContentDecorat...')
#11 /home/jackey/workspace/hfonline/html/xiaoerdiancandefault/protected/views/layouts/column1.php(6): CBaseController->endContent()
#12 /usr/local/yii/web/CBaseController.php(126): require('/home/jackey/wo...')
#13 /usr/local/yii/web/CBaseController.php(95): CBaseController->renderInternal('/home/jackey/wo...', Array, true)
#14 /usr/local/yii/web/CController.php(784): CBaseController->renderFile('/home/jackey/wo...', Array, true)
#15 /home/jackey/workspace/hfonline/html/xiaoerdiancandefault/protected/controllers/SiteController.php(32): CController->render('index')
#16 /usr/local/yii/web/actions/CInlineAction.php(49): SiteController->actionIndex()
#17 /usr/local/yii/web/CController.php(308): CInlineAction->runWithParams(Array)
#18 /usr/local/yii/web/CController.php(286): CController->runAction(Object(CInlineAction))
#19 /usr/local/yii/web/CController.php(265): CController->runActionWithFilters(Object(CInlineAction), Array)
#20 /usr/local/yii/web/CWebApplication.php(282): CController->run('index')
#21 /usr/local/yii/web/CWebApplication.php(141): CWebApplication->runController('site/index')
#22 /usr/local/yii/base/CApplication.php(180): CWebApplication->processRequest()
#23 /home/jackey/workspace/hfonline/html/xiaoerdiancandefault/index.php(13): CApplication->run()
#24 {main}
REQUEST_URI=/index.php?r=site/index
HTTP_REFERER=http://hfonline.local/index.php?r=site/page&view=about
---
2013/11/30 09:52:55 [error] [exception.CException] exception 'CException' with message 'Property "CMenu.attributes" is not defined.' in /usr/local/yii/base/CComponent.php:173
Stack trace:
#0 /usr/local/yii/web/CWidgetFactory.php(161): CComponent->__set('attributes', Array)
#1 /usr/local/yii/web/CBaseController.php(146): CWidgetFactory->createWidget(Object(SiteController), 'zii.widgets.CMe...', Array)
#2 /usr/local/yii/web/CBaseController.php(172): CBaseController->createWidget('zii.widgets.CMe...', Array)
#3 /home/jackey/workspace/hfonline/html/xiaoerdiancandefault/protected/views/layouts/main.php(30): CBaseController->widget('zii.widgets.CMe...', Array)
#4 /usr/local/yii/web/CBaseController.php(126): require('/home/jackey/wo...')
#5 /usr/local/yii/web/CBaseController.php(95): CBaseController->renderInternal('/home/jackey/wo...', Array, true)
#6 /usr/local/yii/web/widgets/CContentDecorator.php(76): CBaseController->renderFile('/home/jackey/wo...', Array, true)
#7 /usr/local/yii/web/widgets/CContentDecorator.php(54): CContentDecorator->decorate('<div id="conten...')
#8 /usr/local/yii/web/widgets/COutputProcessor.php(44): CContentDecorator->processOutput('<div id="conten...')
#9 /usr/local/yii/web/CBaseController.php(206): COutputProcessor->run()
#10 /usr/local/yii/web/CBaseController.php(300): CBaseController->endWidget('CContentDecorat...')
#11 /home/jackey/workspace/hfonline/html/xiaoerdiancandefault/protected/views/layouts/column1.php(6): CBaseController->endContent()
#12 /usr/local/yii/web/CBaseController.php(126): require('/home/jackey/wo...')
#13 /usr/local/yii/web/CBaseController.php(95): CBaseController->renderInternal('/home/jackey/wo...', Array, true)
#14 /usr/local/yii/web/CController.php(784): CBaseController->renderFile('/home/jackey/wo...', Array, true)
#15 /home/jackey/workspace/hfonline/html/xiaoerdiancandefault/protected/controllers/SiteController.php(32): CController->render('index')
#16 /usr/local/yii/web/actions/CInlineAction.php(49): SiteController->actionIndex()
#17 /usr/local/yii/web/CController.php(308): CInlineAction->runWithParams(Array)
#18 /usr/local/yii/web/CController.php(286): CController->runAction(Object(CInlineAction))
#19 /usr/local/yii/web/CController.php(265): CController->runActionWithFilters(Object(CInlineAction), Array)
#20 /usr/local/yii/web/CWebApplication.php(282): CController->run('index')
#21 /usr/local/yii/web/CWebApplication.php(141): CWebApplication->runController('site/index')
#22 /usr/local/yii/base/CApplication.php(180): CWebApplication->processRequest()
#23 /home/jackey/workspace/hfonline/html/xiaoerdiancandefault/index.php(13): CApplication->run()
#24 {main}
REQUEST_URI=/index.php?r=site/index
HTTP_REFERER=http://hfonline.local/index.php?r=site/page&view=about
---
2013/12/07 15:15:33 [error] [exception.CException] exception 'CException' with message 'SiteController cannot find the requested view "address".' in /usr/local/yii/web/CController.php:878
Stack trace:
#0 /usr/local/yii/web/CController.php(782): CController->renderPartial('address', NULL, true)
#1 /home/jackey/workspace/hfonline/html/xiaoerdiancandefault/protected/controllers/SiteController.php(113): CController->render('address')
#2 /usr/local/yii/web/actions/CInlineAction.php(49): SiteController->actionAddress()
#3 /usr/local/yii/web/CController.php(308): CInlineAction->runWithParams(Array)
#4 /usr/local/yii/web/CController.php(286): CController->runAction(Object(CInlineAction))
#5 /usr/local/yii/web/CController.php(265): CController->runActionWithFilters(Object(CInlineAction), Array)
#6 /usr/local/yii/web/CWebApplication.php(282): CController->run('address')
#7 /usr/local/yii/web/CWebApplication.php(141): CWebApplication->runController('site/address')
#8 /usr/local/yii/base/CApplication.php(180): CWebApplication->processRequest()
#9 /home/jackey/workspace/hfonline/html/xiaoerdiancandefault/index.php(13): CApplication->run()
#10 {main}
REQUEST_URI=/index.php?r=site/address
---
2013/12/07 23:34:14 [error] [exception.CHttpException.404] exception 'CHttpException' with message 'The system is unable to find the requested action "confirm".' in /usr/local/yii/web/CController.php:483
Stack trace:
#0 /usr/local/yii/web/CController.php(270): CController->missingAction('confirm')
#1 /usr/local/yii/web/CWebApplication.php(282): CController->run('confirm')
#2 /usr/local/yii/web/CWebApplication.php(141): CWebApplication->runController('site/confirm')
#3 /usr/local/yii/base/CApplication.php(180): CWebApplication->processRequest()
#4 /home/jackey/workspace/hfonline/html/xiaoerdiancandefault/index.php(13): CApplication->run()
#5 {main}
REQUEST_URI=/index.php?r=site/confirm
---
2013/12/08 19:48:07 [error] [exception.CHttpException.404] exception 'CHttpException' with message 'The system is unable to find the requested action "summary".' in /usr/local/yii/web/CController.php:483
Stack trace:
#0 /usr/local/yii/web/CController.php(270): CController->missingAction('summary')
#1 /usr/local/yii/web/CWebApplication.php(282): CController->run('summary')
#2 /usr/local/yii/web/CWebApplication.php(141): CWebApplication->runController('site/summary')
#3 /usr/local/yii/base/CApplication.php(180): CWebApplication->processRequest()
#4 /home/jackey/workspace/hfonline/html/xiaoerdiancandefault/index.php(13): CApplication->run()
#5 {main}
REQUEST_URI=/index.php?r=site/summary
---
2014/02/07 01:28:47 [error] [php] date(): It is not safe to rely on the system's timezone settings. You are *required* to use the date.timezone setting or the date_default_timezone_set() function. In case you used any of those methods and you are still getting this warning, you most likely misspelled the timezone identifier. We selected 'Asia/Chongqing' for 'CST/8.0/no DST' instead (/Users/jackeychen/Workspace/hfonline/html/xiaoerdiancandefault/protected/views/layouts/main.php:122)
Stack trace:
#0 /usr/local/lib/yii/framework/web/CBaseController.php(95): SiteController->renderInternal()
#1 /usr/local/lib/yii/framework/web/widgets/CContentDecorator.php(76): SiteController->renderFile()
#2 /usr/local/lib/yii/framework/web/widgets/CContentDecorator.php(54): CContentDecorator->decorate()
#3 /usr/local/lib/yii/framework/web/widgets/COutputProcessor.php(44): CContentDecorator->processOutput()
#4 /usr/local/lib/yii/framework/web/CBaseController.php(206): CContentDecorator->run()
#5 /usr/local/lib/yii/framework/web/CBaseController.php(300): SiteController->endWidget()
#6 /Users/jackeychen/Workspace/hfonline/html/xiaoerdiancandefault/protected/views/layouts/column1.php(6): SiteController->endContent()
#7 /usr/local/lib/yii/framework/web/CBaseController.php(126): require()
#8 /usr/local/lib/yii/framework/web/CBaseController.php(95): SiteController->renderInternal()
#9 /usr/local/lib/yii/framework/web/CController.php(784): SiteController->renderFile()
#10 /Users/jackeychen/Workspace/hfonline/html/xiaoerdiancandefault/protected/controllers/SiteController.php(34): SiteController->render()
#11 /usr/local/lib/yii/framework/web/actions/CInlineAction.php(49): SiteController->actionIndex()
#12 /usr/local/lib/yii/framework/web/CController.php(308): CInlineAction->runWithParams()
#13 /usr/local/lib/yii/framework/web/CController.php(286): SiteController->runAction()
#14 /usr/local/lib/yii/framework/web/CController.php(265): SiteController->runActionWithFilters()
#15 /usr/local/lib/yii/framework/web/CWebApplication.php(282): SiteController->run()
#16 /usr/local/lib/yii/framework/web/CWebApplication.php(141): CWebApplication->runController()
#17 /usr/local/lib/yii/framework/base/CApplication.php(180): CWebApplication->processRequest()
#18 /Users/jackeychen/Workspace/hfonline/html/xiaoerdiancandefault/index.php(13): CWebApplication->run()
REQUEST_URI=/
in /Users/jackeychen/Workspace/hfonline/html/xiaoerdiancandefault/protected/views/layouts/main.php (122)
in /Users/jackeychen/Workspace/hfonline/html/xiaoerdiancandefault/protected/views/layouts/column1.php (6)
in /Users/jackeychen/Workspace/hfonline/html/xiaoerdiancandefault/protected/controllers/SiteController.php (34)
2014/02/07 01:30:56 [error] [php] date(): It is not safe to rely on the system's timezone settings. You are *required* to use the date.timezone setting or the date_default_timezone_set() function. In case you used any of those methods and you are still getting this warning, you most likely misspelled the timezone identifier. We selected 'Asia/Chongqing' for 'CST/8.0/no DST' instead (/Users/jackeychen/Workspace/hfonline/html/xiaoerdiancandefault/protected/views/layouts/main.php:122)
Stack trace:
#0 /usr/local/lib/yii/framework/web/CBaseController.php(95): SiteController->renderInternal()
#1 /usr/local/lib/yii/framework/web/widgets/CContentDecorator.php(76): SiteController->renderFile()
#2 /usr/local/lib/yii/framework/web/widgets/CContentDecorator.php(54): CContentDecorator->decorate()
#3 /usr/local/lib/yii/framework/web/widgets/COutputProcessor.php(44): CContentDecorator->processOutput()
#4 /usr/local/lib/yii/framework/web/CBaseController.php(206): CContentDecorator->run()
#5 /usr/local/lib/yii/framework/web/CBaseController.php(300): SiteController->endWidget()
#6 /Users/jackeychen/Workspace/hfonline/html/xiaoerdiancandefault/protected/views/layouts/column1.php(6): SiteController->endContent()
#7 /usr/local/lib/yii/framework/web/CBaseController.php(126): require()
#8 /usr/local/lib/yii/framework/web/CBaseController.php(95): SiteController->renderInternal()
#9 /usr/local/lib/yii/framework/web/CController.php(784): SiteController->renderFile()
#10 /Users/jackeychen/Workspace/hfonline/html/xiaoerdiancandefault/protected/controllers/SiteController.php(34): SiteController->render()
#11 /usr/local/lib/yii/framework/web/actions/CInlineAction.php(49): SiteController->actionIndex()
#12 /usr/local/lib/yii/framework/web/CController.php(308): CInlineAction->runWithParams()
#13 /usr/local/lib/yii/framework/web/CController.php(286): SiteController->runAction()
#14 /usr/local/lib/yii/framework/web/CController.php(265): SiteController->runActionWithFilters()
#15 /usr/local/lib/yii/framework/web/CWebApplication.php(282): SiteController->run()
#16 /usr/local/lib/yii/framework/web/CWebApplication.php(141): CWebApplication->runController()
#17 /usr/local/lib/yii/framework/base/CApplication.php(180): CWebApplication->processRequest()
#18 /Users/jackeychen/Workspace/hfonline/html/xiaoerdiancandefault/index.php(13): CWebApplication->run()
REQUEST_URI=/
in /Users/jackeychen/Workspace/hfonline/html/xiaoerdiancandefault/protected/views/layouts/main.php (122)
in /Users/jackeychen/Workspace/hfonline/html/xiaoerdiancandefault/protected/views/layouts/column1.php (6)
in /Users/jackeychen/Workspace/hfonline/html/xiaoerdiancandefault/protected/controllers/SiteController.php (34)
2014/02/07 02:30:15 [error] [exception.CHttpException.404] exception 'CHttpException' with message 'The system is unable to find the requested action "orderview".' in /usr/local/lib/yii/framework/web/CController.php:483
Stack trace:
#0 /usr/local/lib/yii/framework/web/CController.php(270): CController->missingAction('orderview')
#1 /usr/local/lib/yii/framework/web/CWebApplication.php(282): CController->run('orderview')
#2 /usr/local/lib/yii/framework/web/CWebApplication.php(141): CWebApplication->runController('site/orderview')
#3 /usr/local/lib/yii/framework/base/CApplication.php(180): CWebApplication->processRequest()
#4 /Users/jackeychen/Workspace/hfonline/html/xiaoerdiancandefault/index.php(13): CApplication->run()
#5 {main}
REQUEST_URI=/index.php?r=site/orderview
---
